2021-11-21 21:42:25,306 [Worker-5: Loading available Gradle versions] INFO  o.e.b.c.i.u.g.PublishedGradleVersions - Gradle version information cache is up-to-date. Trying to read.
2021-11-21 21:52:28,051 [Worker-2: Loading available Gradle versions] INFO  o.e.b.c.i.u.g.PublishedGradleVersions - Gradle version information cache is up-to-date. Trying to read.
2021-11-22 10:21:26,182 [Worker-2: Loading available Gradle versions] INFO  o.e.b.c.i.u.g.PublishedGradleVersions - Gradle version information cache is up-to-date. Trying to read.
2021-11-22 12:43:19,302 [Worker-22: Loading available Gradle versions] INFO  o.e.b.c.i.u.g.PublishedGradleVersions - Gradle version information cache is out-of-date. Trying to update.
2021-11-22 14:24:47,300 [Worker-29: Loading available Gradle versions] INFO  o.e.b.c.i.u.g.PublishedGradleVersions - Gradle version information cache is up-to-date. Trying to read.
2021-11-22 19:06:38,054 [Worker-13: Loading available Gradle versions] INFO  o.e.b.c.i.u.g.PublishedGradleVersions - Gradle version information cache is up-to-date. Trying to read.
2021-11-22 20:38:42,807 [main] ERROR o.e.m.j.i.JavaElementsAdapterFactory - Can't find artifact for /home/arnohu/Documents/GridWorldCodeMazeBug/dist/GridWorldCode/gridworldMazeBug.jar
  <default> (...)
  info (...)
  info.gridworld.maze (...)
  info.gridworld.world (...)
  info.gridworld.actor (...)
  info.gridworld.gui (...)
  info.gridworld.grid (...)
  info.gridworld (...)
  mazeBug (...)
org.eclipse.core.runtime.CoreException: Search error
	at org.eclipse.m2e.core.internal.index.nexus.NexusIndexManager.identify(NexusIndexManager.java:304) ~[na:na]
	at org.eclipse.m2e.core.internal.index.nexus.NexusIndex.identify(NexusIndex.java:143) ~[na:na]
	at org.eclipse.m2e.core.internal.index.nexus.CompositeIndex.identifyAll(CompositeIndex.java:69) ~[na:na]
	at org.eclipse.m2e.core.internal.index.nexus.CompositeIndex.identify(CompositeIndex.java:61) ~[na:na]
	at org.eclipse.m2e.jdt.internal.BuildPathManager.findArtifactInIndex(BuildPathManager.java:478) ~[na:na]
	at org.eclipse.m2e.jdt.internal.BuildPathManager.findArtifacts(BuildPathManager.java:422) ~[na:na]
	at org.eclipse.m2e.jdt.internal.BuildPathManager.findArtifact(BuildPathManager.java:440) ~[na:na]
	at org.eclipse.m2e.jdt.internal.JavaElementsAdapterFactory.getAdapter(JavaElementsAdapterFactory.java:60) ~[na:na]
	at org.eclipse.core.internal.adapter.AdapterFactoryProxy.getAdapter(AdapterFactoryProxy.java:85) ~[org.eclipse.equinox.registry_3.8.600.v20191017-2055.jar:na]
	at org.eclipse.core.internal.runtime.AdapterManager.getAdapter(AdapterManager.java:300) ~[org.eclipse.equinox.common_3.10.600.v20191004-1420.jar:na]
	at org.eclipse.core.runtime.PlatformObject.getAdapter(PlatformObject.java:72) ~[org.eclipse.equinox.common_3.10.600.v20191004-1420.jar:na]
	at org.eclipse.m2e.jdt.internal.BuildPathManager.scheduleDownload(BuildPathManager.java:818) ~[na:na]
	at org.eclipse.m2e.jdt.ui.internal.DownloadSourcesActionDelegate.setActiveEditor(DownloadSourcesActionDelegate.java:58) ~[na:na]
	at org.eclipse.ui.internal.EditorPluginAction.editorChanged(EditorPluginAction.java:69) ~[na:na]
	at org.eclipse.ui.internal.EditorActionBuilder$EditorContribution.editorChanged(EditorActionBuilder.java:78) ~[na:na]
	at org.eclipse.ui.internal.EditorActionBuilder$ExternalContributor.setActiveEditor(EditorActionBuilder.java:124) ~[na:na]
	at org.eclipse.ui.internal.EditorActionBars.partChanged(EditorActionBars.java:338) ~[na:na]
	at org.eclipse.ui.internal.WorkbenchPage.updateActivations(WorkbenchPage.java:326) ~[na:na]
	at org.eclipse.ui.internal.WorkbenchPage.access$2(WorkbenchPage.java:307) ~[na:na]
	at org.eclipse.ui.internal.WorkbenchPage$E4PartListener.partActivated(WorkbenchPage.java:215) ~[na:na]
	at org.eclipse.e4.ui.internal.workbench.PartServiceImpl$3.run(PartServiceImpl.java:253) ~[na:na]
	at org.eclipse.core.runtime.SafeRunner.run(SafeRunner.java:45) ~[org.eclipse.equinox.common_3.10.600.v20191004-1420.jar:na]
	at org.eclipse.e4.ui.internal.workbench.PartServiceImpl.firePartActivated(PartServiceImpl.java:250) ~[na:na]
	at org.eclipse.e4.ui.internal.workbench.PartServiceImpl.activate(PartServiceImpl.java:774) ~[na:na]
	at org.eclipse.e4.ui.internal.workbench.PartServiceImpl.activate(PartServiceImpl.java:683) ~[na:na]
	at org.eclipse.e4.ui.internal.workbench.swt.AbstractPartRenderer.activate(AbstractPartRenderer.java:97) ~[na:na]
	at org.eclipse.e4.ui.workbench.renderers.swt.ContributedPartRenderer.lambda$0(ContributedPartRenderer.java:63) ~[na:na]
	at org.eclipse.swt.widgets.EventTable.sendEvent(EventTable.java:89) ~[org.eclipse.swt.gtk.linux.x86_64_3.113.0.v20191204-0601.jar:na]
	at org.eclipse.swt.widgets.Display.sendEvent(Display.java:5676) ~[org.eclipse.swt.gtk.linux.x86_64_3.113.0.v20191204-0601.jar:na]
	at org.eclipse.swt.widgets.Widget.sendEvent(Widget.java:1423) ~[org.eclipse.swt.gtk.linux.x86_64_3.113.0.v20191204-0601.jar:na]
	at org.eclipse.swt.widgets.Widget.sendEvent(Widget.java:1449) ~[org.eclipse.swt.gtk.linux.x86_64_3.113.0.v20191204-0601.jar:na]
	at org.eclipse.swt.widgets.Widget.sendEvent(Widget.java:1432) ~[org.eclipse.swt.gtk.linux.x86_64_3.113.0.v20191204-0601.jar:na]
	at org.eclipse.swt.widgets.Shell.setActiveControl(Shell.java:2124) ~[org.eclipse.swt.gtk.linux.x86_64_3.113.0.v20191204-0601.jar:na]
	at org.eclipse.swt.widgets.Control.gtk_button_press_event(Control.java:3653) ~[org.eclipse.swt.gtk.linux.x86_64_3.113.0.v20191204-0601.jar:na]
	at org.eclipse.swt.widgets.Control.gtk_button_press_event(Control.java:3549) ~[org.eclipse.swt.gtk.linux.x86_64_3.113.0.v20191204-0601.jar:na]
	at org.eclipse.swt.widgets.Composite.gtk_button_press_event(Composite.java:841) ~[org.eclipse.swt.gtk.linux.x86_64_3.113.0.v20191204-0601.jar:na]
	at org.eclipse.swt.widgets.Widget.windowProc(Widget.java:2252) ~[org.eclipse.swt.gtk.linux.x86_64_3.113.0.v20191204-0601.jar:na]
	at org.eclipse.swt.widgets.Control.windowProc(Control.java:6826) ~[org.eclipse.swt.gtk.linux.x86_64_3.113.0.v20191204-0601.jar:na]
	at org.eclipse.swt.widgets.Display.windowProc(Display.java:5917) ~[org.eclipse.swt.gtk.linux.x86_64_3.113.0.v20191204-0601.jar:na]
	at org.eclipse.swt.internal.gtk.GTK._gtk_main_do_event(Native Method) ~[org.eclipse.swt.gtk.linux.x86_64_3.113.0.v20191204-0601.jar:na]
	at org.eclipse.swt.internal.gtk.GTK.gtk_main_do_event(GTK.java:4168) ~[org.eclipse.swt.gtk.linux.x86_64_3.113.0.v20191204-0601.jar:na]
	at org.eclipse.swt.widgets.Display.eventProc(Display.java:1480) ~[org.eclipse.swt.gtk.linux.x86_64_3.113.0.v20191204-0601.jar:na]
	at org.eclipse.swt.internal.gtk.OS._g_main_context_iteration(Native Method) ~[org.eclipse.swt.gtk.linux.x86_64_3.113.0.v20191204-0601.jar:na]
	at org.eclipse.swt.internal.gtk.OS.g_main_context_iteration(OS.java:1604) ~[org.eclipse.swt.gtk.linux.x86_64_3.113.0.v20191204-0601.jar:na]
	at org.eclipse.swt.widgets.Display.readAndDispatch(Display.java:4427) ~[org.eclipse.swt.gtk.linux.x86_64_3.113.0.v20191204-0601.jar:na]
	at org.eclipse.e4.ui.internal.workbench.swt.PartRenderingEngine$5.run(PartRenderingEngine.java:1160) ~[na:na]
	at org.eclipse.core.databinding.observable.Realm.runWithDefault(Realm.java:338) ~[na:na]
	at org.eclipse.e4.ui.internal.workbench.swt.PartRenderingEngine.run(PartRenderingEngine.java:1049) ~[na:na]
	at org.eclipse.e4.ui.internal.workbench.E4Workbench.createAndRunUI(E4Workbench.java:155) ~[na:na]
	at org.eclipse.ui.internal.Workbench.lambda$3(Workbench.java:660) ~[na:na]
	at org.eclipse.core.databinding.observable.Realm.runWithDefault(Realm.java:338) ~[na:na]
	at org.eclipse.ui.internal.Workbench.createAndRunWorkbench(Workbench.java:559) ~[na:na]
	at org.eclipse.ui.PlatformUI.createAndRunWorkbench(PlatformUI.java:154) ~[na:na]
	at org.eclipse.ui.internal.ide.application.IDEApplication.start(IDEApplication.java:150) ~[na:na]
	at org.eclipse.equinox.internal.app.EclipseAppHandle.run(EclipseAppHandle.java:203) ~[org.eclipse.equinox.app_1.4.300.v20190815-1535.jar:na]
	at org.eclipse.core.runtime.internal.adaptor.EclipseAppLauncher.runApplication(EclipseAppLauncher.java:137) ~[org.eclipse.osgi_3.15.100.v20191114-1701.jar:na]
	at org.eclipse.core.runtime.internal.adaptor.EclipseAppLauncher.start(EclipseAppLauncher.java:107) ~[org.eclipse.osgi_3.15.100.v20191114-1701.jar:na]
	at org.eclipse.core.runtime.adaptor.EclipseStarter.run(EclipseStarter.java:401) ~[org.eclipse.osgi_3.15.100.v20191114-1701.jar:na]
	at org.eclipse.core.runtime.adaptor.EclipseStarter.run(EclipseStarter.java:255) ~[org.eclipse.osgi_3.15.100.v20191114-1701.jar:na]
	at java.base/jdk.internal.reflect.NativeMethodAccessorImpl.invoke0(Native Method) ~[na:na]
	at java.base/jdk.internal.reflect.NativeMethodAccessorImpl.invoke(NativeMethodAccessorImpl.java:62) ~[na:na]
	at java.base/jdk.internal.reflect.DelegatingMethodAccessorImpl.invoke(DelegatingMethodAccessorImpl.java:43) ~[na:na]
	at java.base/java.lang.reflect.Method.invoke(Method.java:566) ~[na:na]
	at org.eclipse.equinox.launcher.Main.invokeFramework(Main.java:657) ~[org.eclipse.equinox.launcher_1.5.600.v20191014-2022.jar:na]
	at org.eclipse.equinox.launcher.Main.basicRun(Main.java:594) ~[org.eclipse.equinox.launcher_1.5.600.v20191014-2022.jar:na]
	at org.eclipse.equinox.launcher.Main.run(Main.java:1465) ~[org.eclipse.equinox.launcher_1.5.600.v20191014-2022.jar:na]
	at org.eclipse.equinox.launcher.Main.main(Main.java:1438) ~[org.eclipse.equinox.launcher_1.5.600.v20191014-2022.jar:na]
Caused by: java.io.FileNotFoundException: /home/arnohu/Documents/GridWorldCodeMazeBug/dist/GridWorldCode/gridworldMazeBug.jar (No such file or directory)
	at java.base/java.io.FileInputStream.open0(Native Method) ~[na:na]
	at java.base/java.io.FileInputStream.open(FileInputStream.java:219) ~[na:na]
	at java.base/java.io.FileInputStream.<init>(FileInputStream.java:157) ~[na:na]
	at org.eclipse.m2e.core.internal.index.nexus.NexusIndexManager.identify(NexusIndexManager.java:1263) ~[na:na]
	at org.eclipse.m2e.core.internal.index.nexus.NexusIndexManager.identify(NexusIndexManager.java:301) ~[na:na]
	... 66 common frames omitted
2021-11-23 08:55:19,397 [Worker-1: Loading available Gradle versions] INFO  o.e.b.c.i.u.g.PublishedGradleVersions - Gradle version information cache is up-to-date. Trying to read.
2021-11-23 10:03:13,460 [Worker-4: Loading available Gradle versions] INFO  o.e.b.c.i.u.g.PublishedGradleVersions - Gradle version information cache is up-to-date. Trying to read.
