2021-11-02 16:49:14,265 [Worker-11: Loading available Gradle versions] INFO  o.e.b.c.i.u.g.PublishedGradleVersions - Gradle version information cache is up-to-date. Trying to read.
2021-11-02 16:50:08,826 [Worker-3: Creating maven-archetype-quickstart] INFO  o.e.m.c.i.p.ProjectConfigurationManager - Collecting project info '/pom.xml' /home/arnohu/code/Java/Stage2Part3MavenWorkSpace/part3/pom.xml
2021-11-02 16:50:09,390 [Worker-3: Creating maven-archetype-quickstart] INFO  o.e.m.c.i.l.LifecycleMappingFactory - Using org.eclipse.m2e.jdt.JarLifecycleMapping lifecycle mapping for MavenProject: sysu:part3:0.0.1-SNAPSHOT @ /home/arnohu/code/Java/Stage2Part3MavenWorkSpace/part3/pom.xml.
2021-11-02 16:50:09,593 [Worker-3: Creating maven-archetype-quickstart] INFO  o.e.m.j.i.AbstractJavaProjectConfigurator - Adding source folder /part3/src/main/java
2021-11-02 16:50:09,595 [Worker-3: Creating maven-archetype-quickstart] INFO  o.e.m.j.i.AbstractJavaProjectConfigurator - Adding source folder /part3/src/test/java
2021-11-02 16:50:09,645 [Worker-3: Creating maven-archetype-quickstart] INFO  o.e.m.c.i.p.ProjectConfigurationManager - Imported and configured 1 project(s) in 0 sec
2021-11-02 16:50:10,432 [Worker-6: Building] INFO  o.e.m.c.i.embedder.EclipseLogger - Using 'UTF-8' encoding to copy filtered resources.
2021-11-02 16:50:10,432 [Worker-6: Building] INFO  o.e.m.c.i.embedder.EclipseLogger - skip non existing resourceDirectory /home/arnohu/code/Java/Stage2Part3MavenWorkSpace/part3/src/main/resources
2021-11-02 16:50:10,434 [Worker-6: Building] INFO  o.e.m.c.i.embedder.EclipseLogger - Using 'UTF-8' encoding to copy filtered resources.
2021-11-02 16:50:10,435 [Worker-6: Building] INFO  o.e.m.c.i.embedder.EclipseLogger - skip non existing resourceDirectory /home/arnohu/code/Java/Stage2Part3MavenWorkSpace/part3/src/test/resources
2021-11-02 16:50:37,081 [Worker-6: Building] INFO  o.e.m.c.i.embedder.EclipseLogger - Using 'UTF-8' encoding to copy filtered resources.
2021-11-02 16:50:37,081 [Worker-6: Building] INFO  o.e.m.c.i.embedder.EclipseLogger - skip non existing resourceDirectory /home/arnohu/code/Java/Stage2Part3MavenWorkSpace/part3/src/main/resources
2021-11-02 16:50:37,083 [Worker-6: Building] INFO  o.e.m.c.i.embedder.EclipseLogger - Using 'UTF-8' encoding to copy filtered resources.
2021-11-02 16:50:37,083 [Worker-6: Building] INFO  o.e.m.c.i.embedder.EclipseLogger - skip non existing resourceDirectory /home/arnohu/code/Java/Stage2Part3MavenWorkSpace/part3/src/test/resources
2021-11-02 16:50:39,561 [Worker-2: Building] INFO  o.e.m.c.i.embedder.EclipseLogger - Using 'UTF-8' encoding to copy filtered resources.
2021-11-02 16:50:39,561 [Worker-2: Building] INFO  o.e.m.c.i.embedder.EclipseLogger - skip non existing resourceDirectory /home/arnohu/code/Java/Stage2Part3MavenWorkSpace/part3/src/main/resources
2021-11-02 16:50:39,562 [Worker-2: Building] INFO  o.e.m.c.i.embedder.EclipseLogger - Using 'UTF-8' encoding to copy filtered resources.
2021-11-02 16:50:39,562 [Worker-2: Building] INFO  o.e.m.c.i.embedder.EclipseLogger - skip non existing resourceDirectory /home/arnohu/code/Java/Stage2Part3MavenWorkSpace/part3/src/test/resources
2021-11-02 16:51:08,503 [Worker-8: Building] INFO  o.e.m.c.i.embedder.EclipseLogger - Using 'UTF-8' encoding to copy filtered resources.
2021-11-02 16:51:08,503 [Worker-8: Building] INFO  o.e.m.c.i.embedder.EclipseLogger - skip non existing resourceDirectory /home/arnohu/code/Java/Stage2Part3MavenWorkSpace/part3/src/main/resources
2021-11-02 16:51:08,505 [Worker-8: Building] INFO  o.e.m.c.i.embedder.EclipseLogger - Using 'UTF-8' encoding to copy filtered resources.
2021-11-02 16:51:08,505 [Worker-8: Building] INFO  o.e.m.c.i.embedder.EclipseLogger - skip non existing resourceDirectory /home/arnohu/code/Java/Stage2Part3MavenWorkSpace/part3/src/test/resources
2021-11-02 16:51:14,276 [Worker-11: Building] INFO  o.e.m.c.i.embedder.EclipseLogger - Using 'UTF-8' encoding to copy filtered resources.
2021-11-02 16:51:14,276 [Worker-11: Building] INFO  o.e.m.c.i.embedder.EclipseLogger - skip non existing resourceDirectory /home/arnohu/code/Java/Stage2Part3MavenWorkSpace/part3/src/main/resources
2021-11-02 16:51:14,277 [Worker-11: Building] INFO  o.e.m.c.i.embedder.EclipseLogger - Using 'UTF-8' encoding to copy filtered resources.
2021-11-02 16:51:14,277 [Worker-11: Building] INFO  o.e.m.c.i.embedder.EclipseLogger - skip non existing resourceDirectory /home/arnohu/code/Java/Stage2Part3MavenWorkSpace/part3/src/test/resources
2021-11-02 16:51:18,673 [Worker-5: Building] INFO  o.e.m.c.i.embedder.EclipseLogger - Using 'UTF-8' encoding to copy filtered resources.
2021-11-02 16:51:18,673 [Worker-5: Building] INFO  o.e.m.c.i.embedder.EclipseLogger - skip non existing resourceDirectory /home/arnohu/code/Java/Stage2Part3MavenWorkSpace/part3/src/main/resources
2021-11-02 16:51:18,674 [Worker-5: Building] INFO  o.e.m.c.i.embedder.EclipseLogger - Using 'UTF-8' encoding to copy filtered resources.
2021-11-02 16:51:18,674 [Worker-5: Building] INFO  o.e.m.c.i.embedder.EclipseLogger - skip non existing resourceDirectory /home/arnohu/code/Java/Stage2Part3MavenWorkSpace/part3/src/test/resources
2021-11-02 16:51:21,696 [Worker-10: Building] INFO  o.e.m.c.i.embedder.EclipseLogger - Using 'UTF-8' encoding to copy filtered resources.
2021-11-02 16:51:21,697 [Worker-10: Building] INFO  o.e.m.c.i.embedder.EclipseLogger - skip non existing resourceDirectory /home/arnohu/code/Java/Stage2Part3MavenWorkSpace/part3/src/main/resources
2021-11-02 16:51:21,698 [Worker-10: Building] INFO  o.e.m.c.i.embedder.EclipseLogger - Using 'UTF-8' encoding to copy filtered resources.
2021-11-02 16:51:21,698 [Worker-10: Building] INFO  o.e.m.c.i.embedder.EclipseLogger - skip non existing resourceDirectory /home/arnohu/code/Java/Stage2Part3MavenWorkSpace/part3/src/test/resources
2021-11-02 16:51:28,205 [Worker-12: Building] INFO  o.e.m.c.i.embedder.EclipseLogger - Using 'UTF-8' encoding to copy filtered resources.
2021-11-02 16:51:28,205 [Worker-12: Building] INFO  o.e.m.c.i.embedder.EclipseLogger - skip non existing resourceDirectory /home/arnohu/code/Java/Stage2Part3MavenWorkSpace/part3/src/main/resources
2021-11-02 16:51:28,206 [Worker-12: Building] INFO  o.e.m.c.i.embedder.EclipseLogger - Using 'UTF-8' encoding to copy filtered resources.
2021-11-02 16:51:28,206 [Worker-12: Building] INFO  o.e.m.c.i.embedder.EclipseLogger - skip non existing resourceDirectory /home/arnohu/code/Java/Stage2Part3MavenWorkSpace/part3/src/test/resources
2021-11-02 16:52:23,503 [Worker-5: Building] INFO  o.e.m.c.i.embedder.EclipseLogger - Using 'UTF-8' encoding to copy filtered resources.
2021-11-02 16:52:23,503 [Worker-5: Building] INFO  o.e.m.c.i.embedder.EclipseLogger - skip non existing resourceDirectory /home/arnohu/code/Java/Stage2Part3MavenWorkSpace/part3/src/main/resources
2021-11-02 16:52:23,504 [Worker-5: Building] INFO  o.e.m.c.i.embedder.EclipseLogger - Using 'UTF-8' encoding to copy filtered resources.
2021-11-02 16:52:23,504 [Worker-5: Building] INFO  o.e.m.c.i.embedder.EclipseLogger - skip non existing resourceDirectory /home/arnohu/code/Java/Stage2Part3MavenWorkSpace/part3/src/test/resources
2021-11-02 16:52:32,300 [Worker-9: Building] INFO  o.e.m.c.i.embedder.EclipseLogger - Using 'UTF-8' encoding to copy filtered resources.
2021-11-02 16:52:32,300 [Worker-9: Building] INFO  o.e.m.c.i.embedder.EclipseLogger - skip non existing resourceDirectory /home/arnohu/code/Java/Stage2Part3MavenWorkSpace/part3/src/main/resources
2021-11-02 16:52:32,301 [Worker-9: Building] INFO  o.e.m.c.i.embedder.EclipseLogger - Using 'UTF-8' encoding to copy filtered resources.
2021-11-02 16:52:32,301 [Worker-9: Building] INFO  o.e.m.c.i.embedder.EclipseLogger - skip non existing resourceDirectory /home/arnohu/code/Java/Stage2Part3MavenWorkSpace/part3/src/test/resources
2021-11-02 16:53:44,741 [Worker-13: Building] INFO  o.e.m.c.i.embedder.EclipseLogger - Using 'UTF-8' encoding to copy filtered resources.
2021-11-02 16:53:44,742 [Worker-13: Building] INFO  o.e.m.c.i.embedder.EclipseLogger - skip non existing resourceDirectory /home/arnohu/code/Java/Stage2Part3MavenWorkSpace/part3/src/main/resources
2021-11-02 16:53:44,743 [Worker-13: Building] INFO  o.e.m.c.i.embedder.EclipseLogger - Using 'UTF-8' encoding to copy filtered resources.
2021-11-02 16:53:44,743 [Worker-13: Building] INFO  o.e.m.c.i.embedder.EclipseLogger - skip non existing resourceDirectory /home/arnohu/code/Java/Stage2Part3MavenWorkSpace/part3/src/test/resources
2021-11-02 16:53:51,732 [Worker-9: Building] INFO  o.e.m.c.i.embedder.EclipseLogger - Using 'UTF-8' encoding to copy filtered resources.
2021-11-02 16:53:51,732 [Worker-9: Building] INFO  o.e.m.c.i.embedder.EclipseLogger - skip non existing resourceDirectory /home/arnohu/code/Java/Stage2Part3MavenWorkSpace/part3/src/main/resources
2021-11-02 16:53:51,733 [Worker-9: Building] INFO  o.e.m.c.i.embedder.EclipseLogger - Using 'UTF-8' encoding to copy filtered resources.
2021-11-02 16:53:51,733 [Worker-9: Building] INFO  o.e.m.c.i.embedder.EclipseLogger - skip non existing resourceDirectory /home/arnohu/code/Java/Stage2Part3MavenWorkSpace/part3/src/test/resources
2021-11-02 16:53:56,040 [Worker-10: Building] INFO  o.e.m.c.i.embedder.EclipseLogger - Using 'UTF-8' encoding to copy filtered resources.
2021-11-02 16:53:56,040 [Worker-10: Building] INFO  o.e.m.c.i.embedder.EclipseLogger - skip non existing resourceDirectory /home/arnohu/code/Java/Stage2Part3MavenWorkSpace/part3/src/main/resources
2021-11-02 16:53:56,041 [Worker-10: Building] INFO  o.e.m.c.i.embedder.EclipseLogger - Using 'UTF-8' encoding to copy filtered resources.
2021-11-02 16:53:56,041 [Worker-10: Building] INFO  o.e.m.c.i.embedder.EclipseLogger - skip non existing resourceDirectory /home/arnohu/code/Java/Stage2Part3MavenWorkSpace/part3/src/test/resources
2021-11-02 16:54:12,029 [Worker-4: Building] INFO  o.e.m.c.i.embedder.EclipseLogger - Using 'UTF-8' encoding to copy filtered resources.
2021-11-02 16:54:12,029 [Worker-4: Building] INFO  o.e.m.c.i.embedder.EclipseLogger - skip non existing resourceDirectory /home/arnohu/code/Java/Stage2Part3MavenWorkSpace/part3/src/main/resources
2021-11-02 16:54:12,030 [Worker-4: Building] INFO  o.e.m.c.i.embedder.EclipseLogger - Using 'UTF-8' encoding to copy filtered resources.
2021-11-02 16:54:12,030 [Worker-4: Building] INFO  o.e.m.c.i.embedder.EclipseLogger - skip non existing resourceDirectory /home/arnohu/code/Java/Stage2Part3MavenWorkSpace/part3/src/test/resources
2021-11-02 16:54:33,996 [Worker-3: Building] INFO  o.e.m.c.i.embedder.EclipseLogger - Using 'UTF-8' encoding to copy filtered resources.
2021-11-02 16:54:33,996 [Worker-3: Building] INFO  o.e.m.c.i.embedder.EclipseLogger - skip non existing resourceDirectory /home/arnohu/code/Java/Stage2Part3MavenWorkSpace/part3/src/main/resources
2021-11-02 16:54:33,997 [Worker-3: Building] INFO  o.e.m.c.i.embedder.EclipseLogger - Using 'UTF-8' encoding to copy filtered resources.
2021-11-02 16:54:33,997 [Worker-3: Building] INFO  o.e.m.c.i.embedder.EclipseLogger - skip non existing resourceDirectory /home/arnohu/code/Java/Stage2Part3MavenWorkSpace/part3/src/test/resources
2021-11-02 16:54:37,989 [Worker-1: Building] INFO  o.e.m.c.i.embedder.EclipseLogger - Using 'UTF-8' encoding to copy filtered resources.
2021-11-02 16:54:37,989 [Worker-1: Building] INFO  o.e.m.c.i.embedder.EclipseLogger - skip non existing resourceDirectory /home/arnohu/code/Java/Stage2Part3MavenWorkSpace/part3/src/main/resources
2021-11-02 16:54:37,991 [Worker-1: Building] INFO  o.e.m.c.i.embedder.EclipseLogger - Using 'UTF-8' encoding to copy filtered resources.
2021-11-02 16:54:37,992 [Worker-1: Building] INFO  o.e.m.c.i.embedder.EclipseLogger - skip non existing resourceDirectory /home/arnohu/code/Java/Stage2Part3MavenWorkSpace/part3/src/test/resources
2021-11-02 16:54:41,117 [Worker-1: Building] INFO  o.e.m.c.i.embedder.EclipseLogger - Using 'UTF-8' encoding to copy filtered resources.
2021-11-02 16:54:41,117 [Worker-1: Building] INFO  o.e.m.c.i.embedder.EclipseLogger - skip non existing resourceDirectory /home/arnohu/code/Java/Stage2Part3MavenWorkSpace/part3/src/main/resources
2021-11-02 16:54:41,118 [Worker-1: Building] INFO  o.e.m.c.i.embedder.EclipseLogger - Using 'UTF-8' encoding to copy filtered resources.
2021-11-02 16:54:41,118 [Worker-1: Building] INFO  o.e.m.c.i.embedder.EclipseLogger - skip non existing resourceDirectory /home/arnohu/code/Java/Stage2Part3MavenWorkSpace/part3/src/test/resources
2021-11-02 16:55:06,764 [Worker-9: Building] INFO  o.e.m.c.i.embedder.EclipseLogger - Using 'UTF-8' encoding to copy filtered resources.
2021-11-02 16:55:06,764 [Worker-9: Building] INFO  o.e.m.c.i.embedder.EclipseLogger - skip non existing resourceDirectory /home/arnohu/code/Java/Stage2Part3MavenWorkSpace/part3/src/main/resources
2021-11-02 16:55:06,765 [Worker-9: Building] INFO  o.e.m.c.i.embedder.EclipseLogger - Using 'UTF-8' encoding to copy filtered resources.
2021-11-02 16:55:06,766 [Worker-9: Building] INFO  o.e.m.c.i.embedder.EclipseLogger - skip non existing resourceDirectory /home/arnohu/code/Java/Stage2Part3MavenWorkSpace/part3/src/test/resources
2021-11-02 16:55:46,474 [Worker-10: Building] INFO  o.e.m.c.i.embedder.EclipseLogger - Using 'UTF-8' encoding to copy filtered resources.
2021-11-02 16:55:46,474 [Worker-10: Building] INFO  o.e.m.c.i.embedder.EclipseLogger - skip non existing resourceDirectory /home/arnohu/code/Java/Stage2Part3MavenWorkSpace/part3/src/main/resources
2021-11-02 16:55:46,476 [Worker-10: Building] INFO  o.e.m.c.i.embedder.EclipseLogger - Using 'UTF-8' encoding to copy filtered resources.
2021-11-02 16:55:46,477 [Worker-10: Building] INFO  o.e.m.c.i.embedder.EclipseLogger - skip non existing resourceDirectory /home/arnohu/code/Java/Stage2Part3MavenWorkSpace/part3/src/test/resources
2021-11-02 16:55:49,892 [Worker-10: Building] INFO  o.e.m.c.i.embedder.EclipseLogger - Using 'UTF-8' encoding to copy filtered resources.
2021-11-02 16:55:49,892 [Worker-10: Building] INFO  o.e.m.c.i.embedder.EclipseLogger - skip non existing resourceDirectory /home/arnohu/code/Java/Stage2Part3MavenWorkSpace/part3/src/main/resources
2021-11-02 16:55:49,893 [Worker-10: Building] INFO  o.e.m.c.i.embedder.EclipseLogger - Using 'UTF-8' encoding to copy filtered resources.
2021-11-02 16:55:49,894 [Worker-10: Building] INFO  o.e.m.c.i.embedder.EclipseLogger - skip non existing resourceDirectory /home/arnohu/code/Java/Stage2Part3MavenWorkSpace/part3/src/test/resources
2021-11-02 16:56:15,374 [Worker-9: Building] INFO  o.e.m.c.i.embedder.EclipseLogger - Using 'UTF-8' encoding to copy filtered resources.
2021-11-02 16:56:15,374 [Worker-9: Building] INFO  o.e.m.c.i.embedder.EclipseLogger - skip non existing resourceDirectory /home/arnohu/code/Java/Stage2Part3MavenWorkSpace/part3/src/main/resources
2021-11-02 16:56:15,377 [Worker-9: Building] INFO  o.e.m.c.i.embedder.EclipseLogger - Using 'UTF-8' encoding to copy filtered resources.
2021-11-02 16:56:15,377 [Worker-9: Building] INFO  o.e.m.c.i.embedder.EclipseLogger - skip non existing resourceDirectory /home/arnohu/code/Java/Stage2Part3MavenWorkSpace/part3/src/test/resources
2021-11-02 16:56:25,655 [Worker-11: Building] INFO  o.e.m.c.i.embedder.EclipseLogger - Using 'UTF-8' encoding to copy filtered resources.
2021-11-02 16:56:25,655 [Worker-11: Building] INFO  o.e.m.c.i.embedder.EclipseLogger - skip non existing resourceDirectory /home/arnohu/code/Java/Stage2Part3MavenWorkSpace/part3/src/main/resources
2021-11-02 16:56:25,656 [Worker-11: Building] INFO  o.e.m.c.i.embedder.EclipseLogger - Using 'UTF-8' encoding to copy filtered resources.
2021-11-02 16:56:25,656 [Worker-11: Building] INFO  o.e.m.c.i.embedder.EclipseLogger - skip non existing resourceDirectory /home/arnohu/code/Java/Stage2Part3MavenWorkSpace/part3/src/test/resources
2021-11-02 16:58:45,234 [Worker-2: Building] INFO  o.e.m.c.i.l.LifecycleMappingFactory - Using org.eclipse.m2e.jdt.JarLifecycleMapping lifecycle mapping for MavenProject: sysu:part3:0.0.1-SNAPSHOT @ /home/arnohu/code/Java/Stage2Part3MavenWorkSpace/part3/pom.xml.
2021-11-02 16:58:45,331 [Worker-2: Building] INFO  o.e.m.c.i.embedder.EclipseLogger - Using 'UTF-8' encoding to copy filtered resources.
2021-11-02 16:58:45,331 [Worker-2: Building] INFO  o.e.m.c.i.embedder.EclipseLogger - skip non existing resourceDirectory /home/arnohu/code/Java/Stage2Part3MavenWorkSpace/part3/src/main/resources
2021-11-02 16:58:45,333 [Worker-2: Building] INFO  o.e.m.c.i.embedder.EclipseLogger - Using 'UTF-8' encoding to copy filtered resources.
2021-11-02 16:58:45,333 [Worker-2: Building] INFO  o.e.m.c.i.embedder.EclipseLogger - skip non existing resourceDirectory /home/arnohu/code/Java/Stage2Part3MavenWorkSpace/part3/src/test/resources
2021-11-02 16:58:46,487 [Worker-4: Building] INFO  o.e.m.c.i.embedder.EclipseLogger - Using 'UTF-8' encoding to copy filtered resources.
2021-11-02 16:58:46,487 [Worker-4: Building] INFO  o.e.m.c.i.embedder.EclipseLogger - skip non existing resourceDirectory /home/arnohu/code/Java/Stage2Part3MavenWorkSpace/part3/src/main/resources
2021-11-02 16:58:46,488 [Worker-4: Building] INFO  o.e.m.c.i.embedder.EclipseLogger - Using 'UTF-8' encoding to copy filtered resources.
2021-11-02 16:58:46,488 [Worker-4: Building] INFO  o.e.m.c.i.embedder.EclipseLogger - skip non existing resourceDirectory /home/arnohu/code/Java/Stage2Part3MavenWorkSpace/part3/src/test/resources
2021-11-02 16:58:48,657 [Worker-11: Building] INFO  o.e.m.c.i.l.LifecycleMappingFactory - Using org.eclipse.m2e.jdt.JarLifecycleMapping lifecycle mapping for MavenProject: sysu:part3:0.0.1-SNAPSHOT @ /home/arnohu/code/Java/Stage2Part3MavenWorkSpace/part3/pom.xml.
2021-11-02 16:58:48,745 [Worker-11: Building] INFO  o.e.m.c.i.embedder.EclipseLogger - Using 'UTF-8' encoding to copy filtered resources.
2021-11-02 16:58:48,746 [Worker-11: Building] INFO  o.e.m.c.i.embedder.EclipseLogger - skip non existing resourceDirectory /home/arnohu/code/Java/Stage2Part3MavenWorkSpace/part3/src/main/resources
2021-11-02 16:58:48,747 [Worker-11: Building] INFO  o.e.m.c.i.embedder.EclipseLogger - Using 'UTF-8' encoding to copy filtered resources.
2021-11-02 16:58:48,747 [Worker-11: Building] INFO  o.e.m.c.i.embedder.EclipseLogger - skip non existing resourceDirectory /home/arnohu/code/Java/Stage2Part3MavenWorkSpace/part3/src/test/resources
2021-11-03 17:32:13,068 [Worker-5: Loading available Gradle versions] INFO  o.e.b.c.i.u.g.PublishedGradleVersions - Gradle version information cache is out-of-date. Trying to update.
2021-11-03 17:32:15,029 [Worker-8: Building] INFO  o.e.m.c.i.embedder.EclipseLogger - Using 'UTF-8' encoding to copy filtered resources.
2021-11-03 17:32:15,030 [Worker-8: Building] INFO  o.e.m.c.i.embedder.EclipseLogger - skip non existing resourceDirectory /home/arnohu/code/Java/Stage2Part3MavenWorkSpace/part3/src/main/resources
2021-11-03 17:32:15,033 [Worker-8: Building] INFO  o.e.m.c.i.embedder.EclipseLogger - Using 'UTF-8' encoding to copy filtered resources.
2021-11-03 17:32:15,033 [Worker-8: Building] INFO  o.e.m.c.i.embedder.EclipseLogger - skip non existing resourceDirectory /home/arnohu/code/Java/Stage2Part3MavenWorkSpace/part3/src/test/resources
2021-11-04 14:38:34,854 [Worker-3: Loading available Gradle versions] INFO  o.e.b.c.i.u.g.PublishedGradleVersions - Gradle version information cache is up-to-date. Trying to read.
2021-11-04 14:38:36,748 [Worker-2: Building] INFO  o.e.m.c.i.embedder.EclipseLogger - Using 'UTF-8' encoding to copy filtered resources.
2021-11-04 14:38:36,748 [Worker-2: Building] INFO  o.e.m.c.i.embedder.EclipseLogger - skip non existing resourceDirectory /home/arnohu/code/Java/Stage2Part3MavenWorkSpace/part3/src/main/resources
2021-11-04 14:38:36,751 [Worker-2: Building] INFO  o.e.m.c.i.embedder.EclipseLogger - Using 'UTF-8' encoding to copy filtered resources.
2021-11-04 14:38:36,751 [Worker-2: Building] INFO  o.e.m.c.i.embedder.EclipseLogger - skip non existing resourceDirectory /home/arnohu/code/Java/Stage2Part3MavenWorkSpace/part3/src/test/resources
